[19:23:41] [ServerMain/INFO]: Environment: Environment[sessionHost=https://sessionserver.mojang.com, servicesHost=https://api.minecraftservices.com, name=PROD]
[19:23:43] [ServerMain/INFO]: Loaded 1290 recipes
[19:23:43] [ServerMain/INFO]: Loaded 1399 advancements
[19:23:44] [Server thread/INFO]: Starting minecraft server version 1.21
[19:23:44] [Server thread/INFO]: Loading properties
[19:23:44] [Server thread/INFO]: Default game type: SURVIVAL
[19:23:44] [Server thread/INFO]: Generating keypair
[19:23:44] [Server thread/INFO]: Starting Minecraft server on *:25565
[19:23:44] [Server thread/INFO]: Using epoll channel type
[19:23:44] [Server thread/WARN]: **** SERVER IS RUNNING IN OFFLINE/INSECURE MODE!
[19:23:44] [Server thread/WARN]: The server will make no attempt to authenticate usernames. Beware.
[19:23:44] [Server thread/WARN]: While this makes the game possible to play without internet access, it also opens up the ability for hackers to connect with any username they choose.
[19:23:44] [Server thread/WARN]: To change this, set "online-mode" to "true" in the server.properties file.
[19:23:44] [Server thread/INFO]: Preparing level "world"
[19:23:50] [Server thread/INFO]: Preparing start region for dimension minecraft:overworld
[19:23:50] [Worker-Main-1/INFO]: Preparing spawn area: 0%
[19:23:50] [Worker-Main-1/INFO]: Preparing spawn area: 12%
[19:23:50] [Server thread/INFO]: Time elapsed: 595 ms
[19:23:50] [Server thread/INFO]: Done (6.086s)! For help, type "help"
[19:24:03] [Server thread/INFO]: Cafssterr[/100.120.74.125:56045] logged in with entity id 2 at (-748.5125010466079, 97.0, 404.69999998807907)
[19:24:03] [Server thread/INFO]: Cafssterr joined the game
